<?xml version='1.1' encoding='UTF-8'?>
<project>
  <actions/>
  <description></description>
  <keepDependencies>false</keepDependencies>
  <properties/>
  <scm class="hudson.plugins.git.GitSCM" plugin="git@4.11.3">
    <configVersion>2</configVersion>
    <userRemoteConfigs>
      <hudson.plugins.git.UserRemoteConfig>
        <url>https://github.com/Kraktorist/devops-netology/</url>
      </hudson.plugins.git.UserRemoteConfig>
    </userRemoteConfigs>
    <branches>
      <hudson.plugins.git.BranchSpec>
        <name>*/vector-role</name>
      </hudson.plugins.git.BranchSpec>
    </branches>
    <doGenerateSubmoduleConfigurations>false</doGenerateSubmoduleConfigurations>
    <submoduleCfg class="empty-list"/>
    <extensions/>
  </scm>
  <assignedNode>molecule</assignedNode>
  <canRoam>false</canRoam>
  <disabled>false</disabled>
  <blockBuildWhenDownstreamBuilding>false</blockBuildWhenDownstreamBuilding>
  <blockBuildWhenUpstreamBuilding>false</blockBuildWhenUpstreamBuilding>
  <triggers/>
  <concurrentBuild>false</concurrentBuild>
  <builders>
    <hudson.tasks.Shell>
      <command>cat &lt;&lt;EOF&gt;requirements.yml
---
  - src: https://github.com/Kraktorist/devops-netology
    scm: git
    version: vector-role
    name: vector-role
  - src: https://github.com/Kraktorist/devops-netology
    scm: git
    version: lighthouse-role
    name: lighthouse-role
EOF
ansible-galaxy install -r requirements.yml
</command>
      <configuredLocalRules/>
    </hudson.tasks.Shell>
    <hudson.tasks.Shell>
      <command>molecule test --all</command>
      <configuredLocalRules/>
    </hudson.tasks.Shell>
  </builders>
  <publishers/>
  <buildWrappers/>
</project>