<?xml version='1.1' encoding='UTF-8'?>
<org.jenkinsci.plugins.workflow.multibranch.WorkflowMultiBranchProject plugin="workflow-multibranch@716.vc692a_e52371b_">
  <actions/>
  <description></description>
  <properties/>
  <folderViews class="jenkins.branch.MultiBranchProjectViewHolder" plugin="branch-api@2.1046.v0ca_37783ecc5">
    <owner class="org.jenkinsci.plugins.workflow.multibranch.WorkflowMultiBranchProject" reference="../.."/>
  </folderViews>
  <healthMetrics/>
  <icon class="jenkins.branch.MetadataActionFolderIcon" plugin="branch-api@2.1046.v0ca_37783ecc5">
    <owner class="org.jenkinsci.plugins.workflow.multibranch.WorkflowMultiBranchProject" reference="../.."/>
  </icon>
  <orphanedItemStrategy class="com.cloudbees.hudson.plugins.folder.computed.DefaultOrphanedItemStrategy" plugin="cloudbees-folder@6.729.v2b_9d1a_74d673">
    <pruneDeadBranches>true</pruneDeadBranches>
    <daysToKeep>-1</daysToKeep>
    <numToKeep>-1</numToKeep>
    <abortBuilds>false</abortBuilds>
  </orphanedItemStrategy>
  <triggers/>
  <disabled>false</disabled>
  <sources class="jenkins.branch.MultiBranchProject$BranchSourceList" plugin="branch-api@2.1046.v0ca_37783ecc5">
    <data>
      <jenkins.branch.BranchSource>
        <source class="jenkins.plugins.git.GitSCMSource" plugin="git@4.11.3">
          <id>58cf54f9-dda0-45d8-8ff0-6dd7076df2df</id>
          <remote>https://github.com/Kraktorist/devops-netology.git</remote>
          <credentialsId></credentialsId>
          <traits>
            <jenkins.plugins.git.traits.BranchDiscoveryTrait/>
            <jenkins.scm.impl.trait.WildcardSCMHeadFilterTrait plugin="scm-api@608.vfa_f971c5a_a_e9">
              <includes>*-role</includes>
              <excludes></excludes>
            </jenkins.scm.impl.trait.WildcardSCMHeadFilterTrait>
          </traits>
        </source>
        <strategy class="jenkins.branch.DefaultBranchPropertyStrategy">
          <properties class="empty-list"/>
        </strategy>
      </jenkins.branch.BranchSource>
    </data>
    <owner class="org.jenkinsci.plugins.workflow.multibranch.WorkflowMultiBranchProject" reference="../.."/>
  </sources>
  <factory class="org.jenkinsci.plugins.workflow.multibranch.WorkflowBranchProjectFactory">
    <owner class="org.jenkinsci.plugins.workflow.multibranch.WorkflowMultiBranchProject" reference="../.."/>
    <scriptPath>Jenkinsfile</scriptPath>
  </factory>
</org.jenkinsci.plugins.workflow.multibranch.WorkflowMultiBranchProject>